<?xml version="1.0" encoding="UTF-8"?>
<robot generator="Robot 5.0.1 (Python 3.10.4 on win32)" generated="20220917 10:49:26.948" rpa="false" schemaversion="3">
<suite id="s1" name="Test" source="C:\Users\YHVM-SN-EN-010\Documents\GitHub\RobotFramework_Selenium\test.robot">
<test id="s1-t1" name="กด Button เว็บ Botnoi vice" line="13">
<kw name="เปิดเว็บ Botnoi">
<kw name="Open Browser" library="Selenium2Library">
<arg>${url}</arg>
<arg>${browser}</arg>
<doc>Opens a new browser instance to the optional ``url``.</doc>
<msg timestamp="20220917 10:49:27.107" level="INFO">Opening browser 'chrome' to base url 'https://voice.botnoi.ai/'.</msg>
<status status="PASS" starttime="20220917 10:49:27.107" endtime="20220917 10:49:31.897"/>
</kw>
<status status="PASS" starttime="20220917 10:49:27.107" endtime="20220917 10:49:31.897"/>
</kw>
<kw name="Input Text" library="Selenium2Library">
<arg>id=mat-input-0</arg>
<arg>สวัสดี</arg>
<doc>Types the given ``text`` into the text field identified by ``locator``.</doc>
<msg timestamp="20220917 10:49:31.898" level="INFO">Typing text 'สวัสดี' into text field 'id=mat-input-0'.</msg>
<status status="PASS" starttime="20220917 10:49:31.898" endtime="20220917 10:49:31.994"/>
</kw>
<kw name="Submit Form" library="Selenium2Library">
<doc>Submits a form identified by ``locator``.</doc>
<msg timestamp="20220917 10:49:31.994" level="INFO">Submitting form 'None'.</msg>
<status status="PASS" starttime="20220917 10:49:31.994" endtime="20220917 10:49:32.030"/>
</kw>
<status status="PASS" starttime="20220917 10:49:27.106" endtime="20220917 10:49:32.030"/>
</test>
<status status="PASS" starttime="20220917 10:49:26.949" endtime="20220917 10:49:32.031"/>
</suite>
<statistics>
<total>
<stat pass="1" fail="0" skip="0">All Tests</stat>
</total>
<tag>
</tag>
<suite>
<stat pass="1" fail="0" skip="0" id="s1" name="Test">Test</stat>
</suite>
</statistics>
<errors>
</errors>
</robot>
