<?xml version="1.0" encoding="UTF-8"?>
<robot generator="Robot 5.0.1 (Python 3.10.6 on win32)" generated="20220827 21:36:44.759" rpa="false" schemaversion="3">
<suite id="s1" name="TestShopee" source="C:\Users\Tai\Documents\GitHub\RobotFramework_Selenium\TestShopee.robot">
<test id="s1-t1" name="1. Input กระเป๋า" line="9">
<kw name="Open Browser" library="Selenium2Library">
<arg>https://shopee.co.th/</arg>
<arg>browser=chrome</arg>
<doc>Opens a new browser instance to the optional ``url``.</doc>
<msg timestamp="20220827 21:36:45.296" level="INFO">Opening browser 'chrome' to base url 'https://shopee.co.th/'.</msg>
<status status="PASS" starttime="20220827 21:36:45.296" endtime="20220827 21:36:51.306"/>
</kw>
<kw name="Input Text" library="Selenium2Library">
<arg>xpath=//input[@aria-label]</arg>
<arg>กระเป๋า</arg>
<doc>Types the given ``text`` into the text field identified by ``locator``.</doc>
<msg timestamp="20220827 21:36:51.309" level="INFO">Typing text 'กระเป๋า' into text field 'xpath=//input[@aria-label]'.</msg>
<status status="PASS" starttime="20220827 21:36:51.307" endtime="20220827 21:36:55.636"/>
</kw>
<status status="PASS" starttime="20220827 21:36:45.293" endtime="20220827 21:36:55.637"/>
</test>
<status status="PASS" starttime="20220827 21:36:44.763" endtime="20220827 21:36:55.641"/>
</suite>
<statistics>
<total>
<stat pass="1" fail="0" skip="0">All Tests</stat>
</total>
<tag>
</tag>
<suite>
<stat pass="1" fail="0" skip="0" id="s1" name="TestShopee">TestShopee</stat>
</suite>
</statistics>
<errors>
</errors>
</robot>
